# Work Log — olegcheklu.eu

## 2026-05-29

### Git & Deploy
- Инициализирован git в папке Portfolio-Web
- Подключён remote: https://github.com/ocheklu/olegcheklu.eu.git
- Первый коммит и пуш на ветку main
- Настроен GitHub Pages (ветка main, корень /)
- Подключён кастомный домен olegcheklu.eu
- DNS настроен: 4×A записи GitHub Pages + CNAME www → ocheklu.github.io

### Контент — видео
- Добавлены YouTube embed для всех секций:
  - Церемония: L_Q2j6r3knA
  - Мафия горизонтальное: 7bh7vf85MR4
  - Мафия Short: evPBwhpsrY4
  - Мафия онлайн Short: oaIR8FeVEec
  - Wellness Short ×3: AIfZ0MSP17A, hWDZBWDeqeE, jLWjuXqmLlg

### Контент — фото
- Подключены все 18 фотографий к слайдерам и сеткам
- Добавлен портрет host.webp в Hero секцию (круглый контейнер)
- Обновлены alt-тексты всех изображений (SEO-описания)
- Обновлены title атрибуты всех iframe (видео)

### Дизайн — десктоп
- Навигация центрирована
- Hero: SVG орнамент заменён на круглый портрет
- Кикер: "Ведущий мероприятий, мастер церемоний, креативный продюссер · Европа"
- Мафия: реструктурирован лейаут (полное видео → карусель → Short+описание)
- Онлайн: карусель фото с aspect-ratio 16/9, полная ширина (1fr)
- Мафия карусель: убрано mafia-4, осталось 4 фото
- Викторины: переименовано из "Интерактив"
- Footer: "Больше проектов" (было "Все проекты")
- Subtitle: "в котором люди раскрываются" (было "где")

### Дизайн — мобильный (<600px)
- Бургер-меню с анимацией (3 линии → X, полноэкранный оверлей)
- Hero: центрирование всего контента, reorder через flex order
- Hero: портрет 130px показывается между кикером и именем
- Hero: убрана декоративная линия перед кикером
- Hero: subtitle с переносом после "живое пространство" (.mob-br)
- Статистика: flex с wrap и justify-content:center
- Стрелки каруселей скрыты (навигация по точкам и свайпу)
- Вертикальные видео восстановлены в 9/16 (на планшете остаются 16/9)
- Сетка Знакомство гостей: 2×2 → 1 колонка
- Футер контакты: вертикальный стек, разделители скрыты
- Отступы секций уменьшены: 5rem → 3.5rem

### SEO
- Meta tags: title, description, keywords, robots, canonical
- Open Graph: og:title, og:description, og:image, og:url, og:type, og:locale
- Twitter Card: summary_large_image
- og:description: "Ведущий мероприятий, мастер церемоний и креативный продюссер. Авторские программы для встреч в любом формате — от игры в Мафию до Wellness практик. 17 лет опыта, Европа."
- Schema.org Person: имя, должность, контакты, sameAs (6 ссылок), makesOffer (8 услуг)
- Schema.org VideoObject ×7: name, description, contentUrl, embedUrl, thumbnailUrl, uploadDate, author
- sitemap.xml создан и отправлен в Google Search Console
- robots.txt создан
- Favicon: favicon.ico, favicon.svg, favicon-96x96.png, apple-touch-icon.png, site.webmanifest
- og-image.jpg добавлен (1200×630px)

### Аналитика и верификация
- Google Search Console: подтверждён через DNS TXT запись
- Google Analytics 4: G-ZYCPV4B359 подключён
- Sitemap отправлен в Search Console
- URL https://olegcheklu.eu/ запрошен на индексацию (статус: в индексе)
